#
# There is insufficient memory for the Java Runtime Environment to continue.
# Native memory allocation (mmap) failed to map 534773760 bytes for Failed to commit area from 0x0000000603200000 to 0x0000000623000000 of length 534773760.
# Possible reasons:
#   The system is out of physical RAM or swap space
#   The process is running with CompressedOops enabled, and the Java Heap may be blocking the growth of the native heap
# Possible solutions:
#   Reduce memory load on the system
#   Increase physical memory or swap space
#   Check if swap backing store is full
#   Decrease Java heap size (-Xmx/-Xms)
#   Decrease number of Java threads
#   Decrease Java thread stack sizes (-Xss)
#   Set larger code cache with -XX:ReservedCodeCacheSize=
# This output file may be truncated or incomplete.
#
#  Out of Memory Error (./src/hotspot/os/windows/os_windows.cpp:3387), pid=38720, tid=15888
#
# JRE version:  (11.0.14.1+1) (build )
# Java VM: OpenJDK 64-Bit Server VM (11.0.14.1+1, mixed mode, sharing, tiered, compressed oops, g1 gc, windows-amd64)
# No core dump will be written. Minidumps are not enabled by default on client versions of Windows
#

---------------  S U M M A R Y ------------

Command Line: -Dfile.encoding=UTF-8 org.gradle.launcher.GradleMain -Dorg.gradle.jvmargs=-Xmx4096m --stop

Host: 12th Gen Intel(R) Core(TM) i7-12700KF, 20 cores, 31G,  Windows 10 , 64 bit Build 19041 (10.0.19041.4597)
Time: Mon Dec  2 15:19:35 2024 대한민국 표준시 elapsed time: 0.006698 seconds (0d 0h 0m 0s)

---------------  T H R E A D  ---------------

Current thread (0x0000014d58823800):  JavaThread "Unknown thread" [_thread_in_vm, id=15888, stack(0x0000002f00500000,0x0000002f00600000)]

Stack: [0x0000002f00500000,0x0000002f00600000]
Native frames: (J=compiled Java code, j=interpreted, Vv=VM code, C=native code)
V  [jvm.dll+0x61e59a]
V  [jvm.dll+0x7aaca9]
V  [jvm.dll+0x7ac398]
V  [jvm.dll+0x7aca73]
V  [jvm.dll+0x24f9b8]
V  [jvm.dll+0x61b83a]
V  [jvm.dll+0x6100c5]
V  [jvm.dll+0x30772c]
V  [jvm.dll+0x3075b2]
V  [jvm.dll+0x30c2d6]
V  [jvm.dll+0x35272f]
V  [jvm.dll+0x352160]
V  [jvm.dll+0x2e4728]
V  [jvm.dll+0x2e5886]
V  [jvm.dll+0x784b07]
V  [jvm.dll+0x78628f]
V  [jvm.dll+0x35f479]
V  [jvm.dll+0x767aa0]
V  [jvm.dll+0x3ccf1f]
V  [jvm.dll+0x3cf2b1]
C  [jli.dll+0x5207]
C  [ucrtbase.dll+0x21bb2]
C  [KERNEL32.DLL+0x17374]
C  [ntdll.dll+0x4cc91]


---------------  P R O C E S S  ---------------

Threads class SMR info:
_java_thread_list=0x0000014d565e4950, length=0, elements={
}

Java Threads: ( => current thread )

Other Threads:
  0x0000014d5883d800 GCTaskThread "GC Thread#0" [stack: 0x0000002f00600000,0x0000002f00700000] [id=27668]
  0x0000014d588be800 ConcurrentGCThread "G1 Main Marker" [stack: 0x0000002f00700000,0x0000002f00800000] [id=12632]
  0x0000014d588c0000 ConcurrentGCThread "G1 Conc#0" [stack: 0x0000002f00800000,0x0000002f00900000] [id=48236]

[error occurred during error reporting (printing all threads), id 0xc0000005, EXCEPTION_ACCESS_VIOLATION (0xc0000005) at pc=0x00007ffd1ccd3ef7]

VM state:not at safepoint (not fully initialized)

VM Mutex/Monitor currently owned by a thread:  ([mutex/lock_event])
[0x0000014d58821010] Heap_lock - owner thread: 0x0000014d58823800

Heap address: 0x0000000603200000, size: 8142 MB, Compressed Oops mode: Non-zero based: 0x0000000603200000
Narrow klass base: 0x0000000000000000, Narrow klass shift: 0

GC Heap History (0 events):
No events

Deoptimization events (0 events):
No events

Classes redefined (0 events):
No events

Internal exceptions (0 events):
No events

Events (1 events):
Event: 0.004 Loaded shared library C:\Program Files\Unity\Hub\Editor\2022.3.8f1\Editor\Data\PlaybackEngines\AndroidPlayer\OpenJDK\bin\zip.dll


Dynamic libraries:
0x00007ff6e2bf0000 - 0x00007ff6e2bfd000 	C:\Program Files\Unity\Hub\Editor\2022.3.8f1\Editor\Data\PlaybackEngines\AndroidPlayer\OpenJDK\bin\java.exe
0x00007ffd63bd0000 - 0x00007ffd63dc8000 	C:\WINDOWS\SYSTEM32\ntdll.dll
0x00007ffd63340000 - 0x00007ffd63401000 	C:\WINDOWS\System32\KERNEL32.DLL
0x00007ffd615f0000 - 0x00007ffd618e6000 	C:\WINDOWS\System32\KERNELBASE.dll
0x00007ffd613a0000 - 0x00007ffd614a0000 	C:\WINDOWS\System32\ucrtbase.dll
0x00007ffd4c330000 - 0x00007ffd4c347000 	C:\Program Files\Unity\Hub\Editor\2022.3.8f1\Editor\Data\PlaybackEngines\AndroidPlayer\OpenJDK\bin\jli.dll
0x00007ffd4c310000 - 0x00007ffd4c325000 	C:\Program Files\Unity\Hub\Editor\2022.3.8f1\Editor\Data\PlaybackEngines\AndroidPlayer\OpenJDK\bin\VCRUNTIME140.dll
0x00007ffd62540000 - 0x00007ffd626df000 	C:\WINDOWS\System32\USER32.dll
0x00007ffd615c0000 - 0x00007ffd615e2000 	C:\WINDOWS\System32\win32u.dll
0x00007ffd63080000 - 0x00007ffd630ab000 	C:\WINDOWS\System32\GDI32.dll
0x00007ffd4b3b0000 - 0x00007ffd4b64a000 	C:\WINDOWS\WinSxS\amd64_microsoft.windows.common-controls_6595b64144ccf1df_6.0.19041.4355_none_60b8b9eb71f62e16\COMCTL32.dll
0x00007ffd614a0000 - 0x00007ffd615b7000 	C:\WINDOWS\System32\gdi32full.dll
0x00007ffd62f50000 - 0x00007ffd62fee000 	C:\WINDOWS\System32\msvcrt.dll
0x00007ffd61280000 - 0x00007ffd6131d000 	C:\WINDOWS\System32\msvcp_win.dll
0x00007ffd63880000 - 0x00007ffd638af000 	C:\WINDOWS\System32\IMM32.DLL
0x00007ffd49520000 - 0x00007ffd495bb000 	C:\Program Files\Unity\Hub\Editor\2022.3.8f1\Editor\Data\PlaybackEngines\AndroidPlayer\OpenJDK\bin\msvcp140.dll
0x00007ffd1c9e0000 - 0x00007ffd1d561000 	C:\Program Files\Unity\Hub\Editor\2022.3.8f1\Editor\Data\PlaybackEngines\AndroidPlayer\OpenJDK\bin\server\jvm.dll
0x00007ffd63290000 - 0x00007ffd63340000 	C:\WINDOWS\System32\ADVAPI32.dll
0x00007ffd63a60000 - 0x00007ffd63b00000 	C:\WINDOWS\System32\sechost.dll
0x00007ffd622f0000 - 0x00007ffd62413000 	C:\WINDOWS\System32\RPCRT4.dll
0x00007ffd61370000 - 0x00007ffd61397000 	C:\WINDOWS\System32\bcrypt.dll
0x00007ffd62ec0000 - 0x00007ffd62ec8000 	C:\WINDOWS\System32\PSAPI.DLL
0x00007ffd594c0000 - 0x00007ffd594c9000 	C:\WINDOWS\SYSTEM32\WSOCK32.dll
0x00007ffd626e0000 - 0x00007ffd6274b000 	C:\WINDOWS\System32\WS2_32.dll
0x00007ffd51360000 - 0x00007ffd51387000 	C:\WINDOWS\SYSTEM32\WINMM.dll
0x00007ffd58c30000 - 0x00007ffd58c3a000 	C:\WINDOWS\SYSTEM32\VERSION.dll
0x00007ffd5f300000 - 0x00007ffd5f312000 	C:\WINDOWS\SYSTEM32\kernel.appcore.dll
0x00007ffd4e460000 - 0x00007ffd4e470000 	C:\Program Files\Unity\Hub\Editor\2022.3.8f1\Editor\Data\PlaybackEngines\AndroidPlayer\OpenJDK\bin\verify.dll
0x00007ffd5ea10000 - 0x00007ffd5ebf4000 	C:\WINDOWS\SYSTEM32\DBGHELP.DLL
0x00007ffd49fb0000 - 0x00007ffd49fe4000 	C:\WINDOWS\SYSTEM32\dbgcore.DLL
0x00007ffd618f0000 - 0x00007ffd61972000 	C:\WINDOWS\System32\bcryptPrimitives.dll
0x00007ffd4c130000 - 0x00007ffd4c158000 	C:\Program Files\Unity\Hub\Editor\2022.3.8f1\Editor\Data\PlaybackEngines\AndroidPlayer\OpenJDK\bin\java.dll
0x00007ffd4c300000 - 0x00007ffd4c30a000 	C:\Program Files\Unity\Hub\Editor\2022.3.8f1\Editor\Data\PlaybackEngines\AndroidPlayer\OpenJDK\bin\jimage.dll
0x00007ffd4c110000 - 0x00007ffd4c128000 	C:\Program Files\Unity\Hub\Editor\2022.3.8f1\Editor\Data\PlaybackEngines\AndroidPlayer\OpenJDK\bin\zip.dll

dbghelp: loaded successfully - version: 4.0.5 - missing functions: none
symbol engine: initialized successfully - sym options: 0x614 - pdb path: .;C:\Program Files\Unity\Hub\Editor\2022.3.8f1\Editor\Data\PlaybackEngines\AndroidPlayer\OpenJDK\bin;C:\WINDOWS\SYSTEM32;C:\WINDOWS\WinSxS\amd64_microsoft.windows.common-controls_6595b64144ccf1df_6.0.19041.4355_none_60b8b9eb71f62e16;C:\Program Files\Unity\Hub\Editor\2022.3.8f1\Editor\Data\PlaybackEngines\AndroidPlayer\OpenJDK\bin\server

VM Arguments:
jvm_args: -Dfile.encoding=UTF-8 
java_command: org.gradle.launcher.GradleMain -Dorg.gradle.jvmargs=-Xmx4096m --stop
java_class_path (initial): C:\Program Files\Unity\Hub\Editor\2022.3.8f1\Editor\Data\PlaybackEngines\AndroidPlayer\Tools\gradle\lib\gradle-launcher-7.2.jar
Launcher Type: SUN_STANDARD

[Global flags]
     intx CICompilerCount                          = 12                                        {product} {ergonomic}
     uint ConcGCThreads                            = 4                                         {product} {ergonomic}
     uint G1ConcRefinementThreads                  = 15                                        {product} {ergonomic}
   size_t G1HeapRegionSize                         = 2097152                                   {product} {ergonomic}
    uintx GCDrainStackTargetSize                   = 64                                        {product} {ergonomic}
   size_t InitialHeapSize                          = 534773760                                 {product} {ergonomic}
   size_t MarkStackSize                            = 4194304                                   {product} {ergonomic}
   size_t MaxHeapSize                              = 8537505792                                {product} {ergonomic}
   size_t MinHeapDeltaBytes                        = 2097152                                   {product} {ergonomic}
    uintx NonNMethodCodeHeapSize                   = 7594288                                {pd product} {ergonomic}
    uintx NonProfiledCodeHeapSize                  = 122031976                              {pd product} {ergonomic}
    uintx ProfiledCodeHeapSize                     = 122031976                              {pd product} {ergonomic}
    uintx ReservedCodeCacheSize                    = 251658240                              {pd product} {ergonomic}
     bool SegmentedCodeCache                       = true                                      {product} {ergonomic}
     bool UseCompressedClassPointers               = true                                 {lp64_product} {ergonomic}
     bool UseCompressedOops                        = true                                 {lp64_product} {ergonomic}
     bool UseG1GC                                  = true                                      {product} {ergonomic}
     bool UseLargePagesIndividualAllocation        = false                                  {pd product} {ergonomic}

Logging:
Log output configuration:
 #0: stdout all=warning uptime,level,tags
 #1: stderr all=off uptime,level,tags

Environment Variables:
JAVA_HOME=C:\Program Files\Unity\Hub\Editor\2022.3.8f1\Editor\Data\PlaybackEngines\AndroidPlayer\OpenJDK
JAVA_TOOL_OPTIONS=-Dfile.encoding=UTF-8
PATH=C:\Program Files\Common Files\Oracle\Java\javapath;C:\Program Files\Oculus\Support\oculus-runtime;C:\Program Files\Amazon Corretto\jdk11.0.23_9\bin;C:\WINDOWS\system32;C:\WINDOWS;C:\WINDOWS\System32\Wbem;C:\WINDOWS\System32\WindowsPowerShell\v1.0\;C:\WINDOWS\System32\OpenSSH\;C:\Program Files\Microsoft SQL Server\150\Tools\Binn\;C:\Program Files\dotnet\;C:\Program Files (x86)\Windows Kits\10\Windows Performance Toolkit\;C:\Program Files\Git LFS;C:\Program Files\Git\cmd;C:\Program Files\Git\bin\git.exe;C:\Program Files (x86)\Microsoft SQL Server\160\DTS\Binn\;C:\Program Files\Microsoft SQL Server\130\Tools\Binn\;C:\Program Files\Microsoft SQL Server\Client SDK\ODBC\170\Tools\Binn\;C:\Program Files\NVIDIA Corporation\NVIDIA NvDLISR;C:\Program Files (x86)\NVIDIA Corporation\PhysX\Common;C:\Users\MIT\AppData\Local\Microsoft\WindowsApps;C:\Users\MIT\AppData\Local\GitHubDesktop\bin;C:\Users\MIT\.dotnet\tools;C:\Program Files\Git\cmd;C:\Program Files\Git\bin\git.exe;C:\Users\MIT\AppData\Local\Programs\Microsoft VS Code\bin;C:\Program Files\Amazon Corretto\jdk11.0.23_9\bin;C:\Program Files\PostgreSQL\13\bin;
USERNAME=hzlee
OS=Windows_NT
PROCESSOR_IDENTIFIER=Intel64 Family 6 Model 151 Stepping 2, GenuineIntel



---------------  S Y S T E M  ---------------

OS: Windows 10 , 64 bit Build 19041 (10.0.19041.4597)
OS uptime: 20 days 0:10 hours

CPU:total 20 (initial active 20) (10 cores per cpu, 2 threads per core) family 6 model 151 stepping 2 microcode 0x34, cmov, cx8, fxsr, mmx, sse, sse2, sse3, ssse3, sse4.1, sse4.2, popcnt, avx, avx2, aes, clmul, erms, 3dnowpref, lzcnt, ht, tsc, tscinvbit, bmi1, bmi2, adx, sha, fma

Memory: 4k page, system-wide physical 32560M (5126M free)
TotalPageFile size 91134M (AvailPageFile size 408M)
current process WorkingSet (physical memory assigned to process): 10M, peak: 10M
current process commit charge ("private bytes"): 76M, peak: 586M

vm_info: OpenJDK 64-Bit Server VM (11.0.14.1+1) for windows-amd64 JRE (11.0.14.1+1), built on Feb  9 2022 01:48:27 by "" with unknown MS VC++:1916

END.
